Using pre-set license
Built from '2020.3/staging' branch; Version is '2020.3.0f1 (c7b5465681fb) revision 13088070'; Using compiler version '192528614'; Build Type 'Release'
OS: 'Windows 10 Home; OS build 19041.867; Version 2004; 64bit' Language: 'de' Physical Memory: 8060 MB
BatchMode: 1, IsHumanControllingUs: 0, StartBugReporterOnCrash: 0, Is64bit: 1, IsPro: 0

 COMMAND LINE ARGUMENTS:
C:\Program Files\Unity\Hub\Editor\2020.3.0f1\Editor\Unity.exe
-adb2
-batchMode
-noUpm
-name
AssetImportWorker1
-projectPath
C:/Users/Robert/Desktop/AcidRunner/AcidRunner/AcidRunner
-logFile
Logs/AssetImportWorker1.log
-srvPort
60180
Successfully changed project path to: C:/Users/Robert/Desktop/AcidRunner/AcidRunner/AcidRunner
C:/Users/Robert/Desktop/AcidRunner/AcidRunner/AcidRunner
Using Asset Import Pipeline V2.
Refreshing native plugins compatible for Editor in 38.18 ms, found 0 plugins.
Preloading 0 native plugins for Editor in 0.00 ms.
Initialize engine version: 2020.3.0f1 (c7b5465681fb)
[Subsystems] Discovering subsystems at path C:/Program Files/Unity/Hub/Editor/2020.3.0f1/Editor/Data/Resources/UnitySubsystems
[Subsystems] Discovering subsystems at path C:/Users/Robert/Desktop/AcidRunner/AcidRunner/AcidRunner/Assets
GfxDevice: creating device client; threaded=0
Direct3D:
    Version:  Direct3D 11.0 [level 11.0]
    Renderer: NVIDIA GeForce GTX 950M (ID=0x139a)
    Vendor:   
    VRAM:     2019 MB
    Driver:   22.21.13.8205
Initialize mono
Mono path[0] = 'C:/Program Files/Unity/Hub/Editor/2020.3.0f1/Editor/Data/Managed'
Mono path[1] = 'C:/Program Files/Unity/Hub/Editor/2020.3.0f1/Editor/Data/MonoBleedingEdge/lib/mono/unityjit'
Mono config path = 'C:/Program Files/Unity/Hub/Editor/2020.3.0f1/Editor/Data/MonoBleedingEdge/etc'
Using monoOptions --debugger-agent=transport=dt_socket,embedding=1,server=y,suspend=n,address=127.0.0.1:56928
Begin MonoManager ReloadAssembly
Registering precompiled unity dll's ...
Register platform support module: C:/Program Files/Unity/Hub/Editor/2020.3.0f1/Editor/Data/PlaybackEngines/WindowsStandaloneSupport/UnityEditor.WindowsStandalone.Extensions.dll
Registered in 0.002489 seconds.
Native extension for WindowsStandalone target not found
Refreshing native plugins compatible for Editor in 34.22 ms, found 0 plugins.
Preloading 0 native plugins for Editor in 0.00 ms.
Invoked RoslynAnalysisRunner static constructor.
RoslynAnalysisRunner will not be running.
RoslynAnalysisRunner has terminated.
Mono: successfully reloaded assembly
- Completed reload, in  1.778 seconds
Platform modules already initialized, skipping
Registering precompiled user dll's ...
Registered in 0.000992 seconds.
Begin MonoManager ReloadAssembly
Native extension for WindowsStandalone target not found
Refreshing native plugins compatible for Editor in 0.22 ms, found 0 plugins.
Preloading 0 native plugins for Editor in 0.00 ms.
Invoked RoslynAnalysisRunner static constructor.
RoslynAnalysisRunner will not be running.
RoslynAnalysisRunner has terminated.
Mono: successfully reloaded assembly
- Completed reload, in  1.739 seconds
Platform modules already initialized, skipping
========================================================================
Worker process is ready to serve import requests
Launched and connected shader compiler UnityShaderCompiler.exe after 0.08 seconds
Refreshing native plugins compatible for Editor in 0.23 ms, found 0 plugins.
Preloading 0 native plugins for Editor in 0.00 ms.
Unloading 1127 Unused Serialized files (Serialized files now loaded: 0)
System memory in use before: 57.7 MB.
System memory in use after: 57.7 MB.

Unloading 10 unused Assets to reduce memory usage. Loaded Objects now: 1570.
Total: 2.410300 ms (FindLiveObjects: 0.469200 ms CreateObjectMapping: 0.142500 ms MarkObjects: 1.707800 ms  DeleteObjects: 0.088900 ms)

========================================================================
Received Import Request.
  path: Assets/ThirdParty
  artifactKey: Guid(97bcd4f70a029f047b1f72aaf2d70c35) Importer(815301076,1909f56bfc062723c751e8b465ee728b)
Start importing Assets/ThirdParty using Guid(97bcd4f70a029f047b1f72aaf2d70c35) Importer(815301076,1909f56bfc062723c751e8b465ee728b)  -> (artifact id: '0ad03bd53a48dd586d2fa03e93bdc6d5') in 0.136571 seconds
  Import took 0.162344 seconds .

========================================================================
Received Import Request.
  Time since last request: 405.660891 seconds.
  path: Assets/ThirdParty/Ball Pack
  artifactKey: Guid(d8482c8703404e24ebc0d25d8d5068cc) Importer(815301076,1909f56bfc062723c751e8b465ee728b)
Start importing Assets/ThirdParty/Ball Pack using Guid(d8482c8703404e24ebc0d25d8d5068cc) Importer(815301076,1909f56bfc062723c751e8b465ee728b)  -> (artifact id: '8e5c4ab66474e7d2b4c3432c9e808744') in 0.015063 seconds
  Import took 0.018796 seconds .

========================================================================
Received Import Request.
  Time since last request: 0.002279 seconds.
  path: Assets/ThirdParty/Ball Pack
  artifactKey: Guid(d8482c8703404e24ebc0d25d8d5068cc) Importer(815301076,1909f56bfc062723c751e8b465ee728b)
Start importing Assets/ThirdParty/Ball Pack using Guid(d8482c8703404e24ebc0d25d8d5068cc) Importer(815301076,1909f56bfc062723c751e8b465ee728b)  -> (artifact id: '8e5c4ab66474e7d2b4c3432c9e808744') in 0.007361 seconds
  Import took 0.013789 seconds .

========================================================================
Received Import Request.
  Time since last request: 7.216357 seconds.
  path: Assets/ThirdParty/Ball Pack/Models/SpikeBall.fbx
  artifactKey: Guid(c455996f6e6b49d418895f41b5216202) Importer(815301076,1909f56bfc062723c751e8b465ee728b)
Start importing Assets/ThirdParty/Ball Pack/Models/SpikeBall.fbx using Guid(c455996f6e6b49d418895f41b5216202) Importer(815301076,1909f56bfc062723c751e8b465ee728b)  -> (artifact id: 'dbb2641a513543c8b19c157fd421de50') in 1.164442 seconds
  Import took 1.196402 seconds .

========================================================================
Received Prepare
Registering precompiled user dll's ...
Registered in 0.001288 seconds.
Begin MonoManager ReloadAssembly
Native extension for WindowsStandalone target not found
Refreshing native plugins compatible for Editor in 0.25 ms, found 0 plugins.
Preloading 0 native plugins for Editor in 0.00 ms.
Invoked RoslynAnalysisRunner static constructor.
RoslynAnalysisRunner will not be running.
RoslynAnalysisRunner has terminated.
Mono: successfully reloaded assembly
- Completed reload, in  1.089 seconds
Platform modules already initialized, skipping
Refreshing native plugins compatible for Editor in 0.23 ms, found 0 plugins.
Preloading 0 native plugins for Editor in 0.00 ms.
Unloading 1122 Unused Serialized files (Serialized files now loaded: 0)
System memory in use before: 61.3 MB.
System memory in use after: 61.4 MB.

Unloading 5 unused Assets to reduce memory usage. Loaded Objects now: 1584.
Total: 3.095400 ms (FindLiveObjects: 0.393200 ms CreateObjectMapping: 0.069600 ms MarkObjects: 2.553900 ms  DeleteObjects: 0.074600 ms)

========================================================================
Received Prepare
Registering precompiled user dll's ...
Registered in 0.000990 seconds.
Begin MonoManager ReloadAssembly
Native extension for WindowsStandalone target not found
Refreshing native plugins compatible for Editor in 0.24 ms, found 0 plugins.
Preloading 0 native plugins for Editor in 0.00 ms.
Invoked RoslynAnalysisRunner static constructor.
RoslynAnalysisRunner will not be running.
RoslynAnalysisRunner has terminated.
Mono: successfully reloaded assembly
- Completed reload, in  1.164 seconds
Platform modules already initialized, skipping
Refreshing native plugins compatible for Editor in 0.22 ms, found 0 plugins.
Preloading 0 native plugins for Editor in 0.00 ms.
Unloading 1122 Unused Serialized files (Serialized files now loaded: 0)
System memory in use before: 61.3 MB.
System memory in use after: 61.4 MB.

Unloading 5 unused Assets to reduce memory usage. Loaded Objects now: 1587.
Total: 3.887000 ms (FindLiveObjects: 0.734500 ms CreateObjectMapping: 0.333400 ms MarkObjects: 2.753100 ms  DeleteObjects: 0.063800 ms)

========================================================================
Received Import Request.
  Time since last request: 157.164700 seconds.
  path: Assets/ThirdParty/Ball Pack/Models/SplitMetalBall.fbx
  artifactKey: Guid(5ae1b6d4c894f9c449d33837a633a8ec) Importer(815301076,1909f56bfc062723c751e8b465ee728b)
Start importing Assets/ThirdParty/Ball Pack/Models/SplitMetalBall.fbx using Guid(5ae1b6d4c894f9c449d33837a633a8ec) Importer(815301076,1909f56bfc062723c751e8b465ee728b)  -> (artifact id: 'fbe458da78122ba9c64c9f2d14ee6f16') in 0.402088 seconds
  Import took 0.420363 seconds .

========================================================================
Received Import Request.
  Time since last request: 1.458343 seconds.
  path: Assets/ThirdParty/Ball Pack/Models/EyeBall.fbx
  artifactKey: Guid(5f603b8c73c81724b9bdc1c65764eb4c) Importer(815301076,1909f56bfc062723c751e8b465ee728b)
Start importing Assets/ThirdParty/Ball Pack/Models/EyeBall.fbx using Guid(5f603b8c73c81724b9bdc1c65764eb4c) Importer(815301076,1909f56bfc062723c751e8b465ee728b)  -> (artifact id: '51452263efd6ffb995c8df58f9dbe84d') in 0.064085 seconds
  Import took 0.067241 seconds .

========================================================================
Received Import Request.
  Time since last request: 2.341651 seconds.
  path: Assets/ThirdParty/Ball Pack/Models/BombBall.fbx
  artifactKey: Guid(38972d9a807375f4fbdbf2e076aa183f) Importer(815301076,1909f56bfc062723c751e8b465ee728b)
Start importing Assets/ThirdParty/Ball Pack/Models/BombBall.fbx using Guid(38972d9a807375f4fbdbf2e076aa183f) Importer(815301076,1909f56bfc062723c751e8b465ee728b)  -> (artifact id: '4c3d9b3d1c4b0dd6d108af366455dc8a') in 0.110926 seconds
  Import took 0.114379 seconds .

========================================================================
Received Import Request.
  Time since last request: 1.769554 seconds.
  path: Assets/ThirdParty/Ball Pack/Models/AtomBall.fbx
  artifactKey: Guid(4a1142b17f64bbc40871f76529421f77) Importer(815301076,1909f56bfc062723c751e8b465ee728b)
Start importing Assets/ThirdParty/Ball Pack/Models/AtomBall.fbx using Guid(4a1142b17f64bbc40871f76529421f77) Importer(815301076,1909f56bfc062723c751e8b465ee728b)  -> (artifact id: '56b38b7f4244e8e6c9920717c4da7467') in 0.080346 seconds
  Import took 0.113698 seconds .

========================================================================
Received Import Request.
  Time since last request: 2.677204 seconds.
  path: Assets/ThirdParty/Ball Pack/Models/WheelBall.fbx
  artifactKey: Guid(74cbada03bcd41d49acec56746acf71e) Importer(815301076,1909f56bfc062723c751e8b465ee728b)
Start importing Assets/ThirdParty/Ball Pack/Models/WheelBall.fbx using Guid(74cbada03bcd41d49acec56746acf71e) Importer(815301076,1909f56bfc062723c751e8b465ee728b)  -> (artifact id: 'f4903ce3946d5e394fa1a0fab7cef1b9') in 0.057997 seconds
  Import took 0.062060 seconds .

========================================================================
Received Import Request.
  Time since last request: 0.003053 seconds.
  path: Assets/ThirdParty/Ball Pack/Models/WheelBall.fbx
  artifactKey: Guid(74cbada03bcd41d49acec56746acf71e) Importer(815301076,1909f56bfc062723c751e8b465ee728b)
Start importing Assets/ThirdParty/Ball Pack/Models/WheelBall.fbx using Guid(74cbada03bcd41d49acec56746acf71e) Importer(815301076,1909f56bfc062723c751e8b465ee728b)  -> (artifact id: 'f4903ce3946d5e394fa1a0fab7cef1b9') in 0.044796 seconds
  Import took 0.049122 seconds .

========================================================================
Received Import Request.
  Time since last request: 3.717036 seconds.
  path: Assets/ThirdParty/Ball Pack/Models/WoodenBall.fbx
  artifactKey: Guid(61566139d5c1f844aaa682fa50106e58) Importer(815301076,1909f56bfc062723c751e8b465ee728b)
Start importing Assets/ThirdParty/Ball Pack/Models/WoodenBall.fbx using Guid(61566139d5c1f844aaa682fa50106e58) Importer(815301076,1909f56bfc062723c751e8b465ee728b)  -> (artifact id: '09d633847ffd0626e4cca028ca4778cc') in 0.055801 seconds
  Import took 0.060290 seconds .

========================================================================
Received Import Request.
  Time since last request: 83.259606 seconds.
  path: Assets/InstantZoomies
  artifactKey: Guid(54814d67079fe4e4cb575fd38251c50a) Importer(815301076,1909f56bfc062723c751e8b465ee728b)
Start importing Assets/InstantZoomies using Guid(54814d67079fe4e4cb575fd38251c50a) Importer(815301076,1909f56bfc062723c751e8b465ee728b)  -> (artifact id: '57f4e12622d39e66e8af61c683325d23') in 0.023949 seconds
  Import took 0.063073 seconds .

========================================================================
Received Import Request.
  Time since last request: 16.974703 seconds.
  path: Assets/ThirdParty/InstantZoomies/HorrorStarterPackFREE/Meshes/Syringe.fbx
  artifactKey: Guid(5c991873bb16996489a69492afd3962f) Importer(815301076,1909f56bfc062723c751e8b465ee728b)
Start importing Assets/ThirdParty/InstantZoomies/HorrorStarterPackFREE/Meshes/Syringe.fbx using Guid(5c991873bb16996489a69492afd3962f) Importer(815301076,1909f56bfc062723c751e8b465ee728b)  -> (artifact id: 'b371ec960a73d20a8f3f77b8904af62f') in 0.217810 seconds
  Import took 0.221904 seconds .

========================================================================
Received Import Request.
  Time since last request: 51.149511 seconds.
  path: Assets/ThirdParty/InstantZoomies/HorrorStarterPackFREE/README.txt
  artifactKey: Guid(0f068cd30286fe0429dfe11e55125fbc) Importer(815301076,1909f56bfc062723c751e8b465ee728b)
Start importing Assets/ThirdParty/InstantZoomies/HorrorStarterPackFREE/README.txt using Guid(0f068cd30286fe0429dfe11e55125fbc) Importer(815301076,1909f56bfc062723c751e8b465ee728b)  -> (artifact id: 'cbcc932d72873073e43c0d4bd9a5a282') in 0.093652 seconds
  Import took 0.119985 seconds .

========================================================================
Received Import Request.
  Time since last request: 42.962426 seconds.
  path: Assets/ThirdParty/InstantZoomies/HorrorStarterPackFREE/Packages/STANDARD.unitypackage
  artifactKey: Guid(6b8e515feeea94146abfa4bfb7636534) Importer(815301076,1909f56bfc062723c751e8b465ee728b)
Start importing Assets/ThirdParty/InstantZoomies/HorrorStarterPackFREE/Packages/STANDARD.unitypackage using Guid(6b8e515feeea94146abfa4bfb7636534) Importer(815301076,1909f56bfc062723c751e8b465ee728b)  -> (artifact id: '2fd0294802b2e74b71e9de73d447fa4c') in 0.081250 seconds
  Import took 0.103415 seconds .

========================================================================
Received Import Request.
  Time since last request: 2.294973 seconds.
  path: Assets/ThirdParty/InstantZoomies/HorrorStarterPackFREE/Packages/LWRP.unitypackage
  artifactKey: Guid(7fa5fecd91d5f88419706d57ba80c2dd) Importer(815301076,1909f56bfc062723c751e8b465ee728b)
Start importing Assets/ThirdParty/InstantZoomies/HorrorStarterPackFREE/Packages/LWRP.unitypackage using Guid(7fa5fecd91d5f88419706d57ba80c2dd) Importer(815301076,1909f56bfc062723c751e8b465ee728b)  -> (artifact id: '53318b928ff8721e6172c9db2f90c2aa') in 0.029836 seconds
  Import took 0.032574 seconds .

========================================================================
Received Import Request.
  Time since last request: 2.790700 seconds.
  path: Assets/ThirdParty/InstantZoomies/HorrorStarterPackFREE/Packages/HDRP.unitypackage
  artifactKey: Guid(8ea367b62a29d8546b2602d526fc5736) Importer(815301076,1909f56bfc062723c751e8b465ee728b)
Start importing Assets/ThirdParty/InstantZoomies/HorrorStarterPackFREE/Packages/HDRP.unitypackage using Guid(8ea367b62a29d8546b2602d526fc5736) Importer(815301076,1909f56bfc062723c751e8b465ee728b)  -> (artifact id: '1f2de8ce62238fb9797ebcf254c6afb8') in 0.024176 seconds
  Import took 0.066221 seconds .

========================================================================
Received Import Request.
  Time since last request: 71.814492 seconds.
  path: Assets/ThirdParty/InstantZoomies/HorrorStarterPackFREE/Prefabs/Syringe.prefab
  artifactKey: Guid(f16ca32c856cc4643936f0899e761661) Importer(815301076,1909f56bfc062723c751e8b465ee728b)
Start importing Assets/ThirdParty/InstantZoomies/HorrorStarterPackFREE/Prefabs/Syringe.prefab using Guid(f16ca32c856cc4643936f0899e761661) Importer(815301076,1909f56bfc062723c751e8b465ee728b)  -> (artifact id: '669eb395f0134c546a6a875d90137d3b') in 0.087705 seconds
  Import took 0.097535 seconds .

========================================================================
Received Import Request.
  Time since last request: 1584.138070 seconds.
  path: Assets/GeeKay3D
  artifactKey: Guid(bf0e8af1dec6b2a4e81f9b825be61a0d) Importer(815301076,1909f56bfc062723c751e8b465ee728b)
Start importing Assets/GeeKay3D using Guid(bf0e8af1dec6b2a4e81f9b825be61a0d) Importer(815301076,1909f56bfc062723c751e8b465ee728b)  -> (artifact id: 'da36c5ada8965a47c7f3a58ba6f66d3e') in 0.022402 seconds
  Import took 0.027262 seconds .

========================================================================
Received Import Request.
  Time since last request: 11.805324 seconds.
  path: Assets/First Aids
  artifactKey: Guid(bf0e8af1dec6b2a4e81f9b825be61a0d) Importer(815301076,1909f56bfc062723c751e8b465ee728b)
Start importing Assets/First Aids using Guid(bf0e8af1dec6b2a4e81f9b825be61a0d) Importer(815301076,1909f56bfc062723c751e8b465ee728b)  -> (artifact id: '53d14b42f7e922a249d8a7557e36268a') in 0.025037 seconds
  Import took 0.032452 seconds .

========================================================================
Received Import Request.
  Time since last request: 0.003957 seconds.
  path: Assets/First Aids
  artifactKey: Guid(bf0e8af1dec6b2a4e81f9b825be61a0d) Importer(815301076,1909f56bfc062723c751e8b465ee728b)
Start importing Assets/First Aids using Guid(bf0e8af1dec6b2a4e81f9b825be61a0d) Importer(815301076,1909f56bfc062723c751e8b465ee728b)  -> (artifact id: '53d14b42f7e922a249d8a7557e36268a') in 0.009349 seconds
  Import took 0.018744 seconds .

========================================================================
Received Import Request.
  Time since last request: 30.302992 seconds.
  path: Assets/ThirdParty/First Aids/First-Aid-Set/Assets/Prefabs/FirstAidKit_White.prefab
  artifactKey: Guid(82a76256a42024049964a0c8b9bb380f) Importer(815301076,1909f56bfc062723c751e8b465ee728b)
Start importing Assets/ThirdParty/First Aids/First-Aid-Set/Assets/Prefabs/FirstAidKit_White.prefab using Guid(82a76256a42024049964a0c8b9bb380f) Importer(815301076,1909f56bfc062723c751e8b465ee728b)  -> (artifact id: 'ac1dee8a3d83918b369f1f8aff28f7f0') in 0.597077 seconds
  Import took 0.602935 seconds .

========================================================================
Received Import Request.
  Time since last request: 0.001395 seconds.
  path: Assets/ThirdParty/First Aids/First-Aid-Set/Assets/Prefabs/FirstAidKit_White.prefab
  artifactKey: Guid(82a76256a42024049964a0c8b9bb380f) Importer(815301076,1909f56bfc062723c751e8b465ee728b)
Start importing Assets/ThirdParty/First Aids/First-Aid-Set/Assets/Prefabs/FirstAidKit_White.prefab using Guid(82a76256a42024049964a0c8b9bb380f) Importer(815301076,1909f56bfc062723c751e8b465ee728b)  -> (artifact id: 'ac1dee8a3d83918b369f1f8aff28f7f0') in 0.064576 seconds
  Import took 0.069773 seconds .

========================================================================
Received Import Request.
  Time since last request: 558.419653 seconds.
  path: Assets/ThirdParty/First Aids/First-Aid-Set/Assets/Prefabs
  artifactKey: Guid(e5b4cd0dd3f75dc428ddeddb7cd5a92e) Importer(815301076,1909f56bfc062723c751e8b465ee728b)
Start importing Assets/ThirdParty/First Aids/First-Aid-Set/Assets/Prefabs using Guid(e5b4cd0dd3f75dc428ddeddb7cd5a92e) Importer(815301076,1909f56bfc062723c751e8b465ee728b)  -> (artifact id: '3204863d21fb2fb6e43df7f07f7fa145') in 0.046127 seconds
  Import took 0.060905 seconds .

========================================================================
Received Prepare
Registering precompiled user dll's ...
Registered in 0.000853 seconds.
Begin MonoManager ReloadAssembly
Native extension for WindowsStandalone target not found
Refreshing native plugins compatible for Editor in 0.24 ms, found 0 plugins.
Preloading 0 native plugins for Editor in 0.00 ms.
Invoked RoslynAnalysisRunner static constructor.
RoslynAnalysisRunner will not be running.
RoslynAnalysisRunner has terminated.
Mono: successfully reloaded assembly
- Completed reload, in  1.084 seconds
Platform modules already initialized, skipping
Refreshing native plugins compatible for Editor in 0.23 ms, found 0 plugins.
Preloading 0 native plugins for Editor in 0.00 ms.
Unloading 1122 Unused Serialized files (Serialized files now loaded: 0)
System memory in use before: 63.3 MB.
System memory in use after: 63.4 MB.

Unloading 5 unused Assets to reduce memory usage. Loaded Objects now: 1629.
Total: 3.619500 ms (FindLiveObjects: 0.291300 ms CreateObjectMapping: 0.083600 ms MarkObjects: 3.079300 ms  DeleteObjects: 0.163000 ms)

========================================================================
Received Prepare
Registering precompiled user dll's ...
Registered in 0.000893 seconds.
Begin MonoManager ReloadAssembly
Native extension for WindowsStandalone target not found
Refreshing native plugins compatible for Editor in 0.23 ms, found 0 plugins.
Preloading 0 native plugins for Editor in 0.00 ms.
Invoked RoslynAnalysisRunner static constructor.
RoslynAnalysisRunner will not be running.
RoslynAnalysisRunner has terminated.
Mono: successfully reloaded assembly
- Completed reload, in  1.284 seconds
Platform modules already initialized, skipping
Refreshing native plugins compatible for Editor in 0.39 ms, found 0 plugins.
Preloading 0 native plugins for Editor in 0.00 ms.
Unloading 1122 Unused Serialized files (Serialized files now loaded: 0)
System memory in use before: 63.3 MB.
System memory in use after: 63.4 MB.

Unloading 5 unused Assets to reduce memory usage. Loaded Objects now: 1632.
Total: 2.599300 ms (FindLiveObjects: 0.729300 ms CreateObjectMapping: 0.171200 ms MarkObjects: 1.633800 ms  DeleteObjects: 0.062500 ms)

========================================================================
Received Prepare
Registering precompiled user dll's ...
Registered in 0.001511 seconds.
Begin MonoManager ReloadAssembly
Native extension for WindowsStandalone target not found
Refreshing native plugins compatible for Editor in 0.23 ms, found 0 plugins.
Preloading 0 native plugins for Editor in 0.00 ms.
Invoked RoslynAnalysisRunner static constructor.
RoslynAnalysisRunner will not be running.
RoslynAnalysisRunner has terminated.
Mono: successfully reloaded assembly
- Completed reload, in  1.226 seconds
Platform modules already initialized, skipping
Refreshing native plugins compatible for Editor in 0.28 ms, found 0 plugins.
Preloading 0 native plugins for Editor in 0.00 ms.
Unloading 1122 Unused Serialized files (Serialized files now loaded: 0)
System memory in use before: 63.4 MB.
System memory in use after: 63.4 MB.

Unloading 5 unused Assets to reduce memory usage. Loaded Objects now: 1635.
Total: 3.028700 ms (FindLiveObjects: 0.183400 ms CreateObjectMapping: 0.123700 ms MarkObjects: 2.642700 ms  DeleteObjects: 0.077200 ms)

========================================================================
Received Prepare
Registering precompiled user dll's ...
Registered in 0.001015 seconds.
Begin MonoManager ReloadAssembly
Native extension for WindowsStandalone target not found
Refreshing native plugins compatible for Editor in 0.24 ms, found 0 plugins.
Preloading 0 native plugins for Editor in 0.00 ms.
Invoked RoslynAnalysisRunner static constructor.
RoslynAnalysisRunner will not be running.
RoslynAnalysisRunner has terminated.
Mono: successfully reloaded assembly
- Completed reload, in  1.163 seconds
Platform modules already initialized, skipping
Refreshing native plugins compatible for Editor in 0.25 ms, found 0 plugins.
Preloading 0 native plugins for Editor in 0.00 ms.
Unloading 1122 Unused Serialized files (Serialized files now loaded: 0)
System memory in use before: 63.4 MB.
System memory in use after: 63.4 MB.

Unloading 5 unused Assets to reduce memory usage. Loaded Objects now: 1638.
Total: 2.343100 ms (FindLiveObjects: 0.212900 ms CreateObjectMapping: 0.106600 ms MarkObjects: 1.922800 ms  DeleteObjects: 0.098500 ms)

========================================================================
Received Prepare
Registering precompiled user dll's ...
Registered in 0.001292 seconds.
Begin MonoManager ReloadAssembly
Native extension for WindowsStandalone target not found
Refreshing native plugins compatible for Editor in 0.28 ms, found 0 plugins.
Preloading 0 native plugins for Editor in 0.00 ms.
Invoked RoslynAnalysisRunner static constructor.
RoslynAnalysisRunner will not be running.
RoslynAnalysisRunner has terminated.
Mono: successfully reloaded assembly
- Completed reload, in  1.301 seconds
Platform modules already initialized, skipping
Refreshing native plugins compatible for Editor in 0.37 ms, found 0 plugins.
Preloading 0 native plugins for Editor in 0.00 ms.
Unloading 1122 Unused Serialized files (Serialized files now loaded: 0)
System memory in use before: 63.4 MB.
System memory in use after: 63.4 MB.

Unloading 5 unused Assets to reduce memory usage. Loaded Objects now: 1641.
Total: 4.055100 ms (FindLiveObjects: 1.249100 ms CreateObjectMapping: 0.283400 ms MarkObjects: 2.451800 ms  DeleteObjects: 0.068200 ms)

========================================================================
Received Prepare
Registering precompiled user dll's ...
Registered in 0.000886 seconds.
Begin MonoManager ReloadAssembly
Native extension for WindowsStandalone target not found
Refreshing native plugins compatible for Editor in 0.34 ms, found 0 plugins.
Preloading 0 native plugins for Editor in 0.00 ms.
Invoked RoslynAnalysisRunner static constructor.
RoslynAnalysisRunner will not be running.
RoslynAnalysisRunner has terminated.
Mono: successfully reloaded assembly
- Completed reload, in  1.169 seconds
Platform modules already initialized, skipping
Refreshing native plugins compatible for Editor in 0.26 ms, found 0 plugins.
Preloading 0 native plugins for Editor in 0.00 ms.
Unloading 1122 Unused Serialized files (Serialized files now loaded: 0)
System memory in use before: 63.4 MB.
System memory in use after: 63.4 MB.

Unloading 5 unused Assets to reduce memory usage. Loaded Objects now: 1644.
Total: 2.122600 ms (FindLiveObjects: 0.254900 ms CreateObjectMapping: 0.063000 ms MarkObjects: 1.737700 ms  DeleteObjects: 0.065800 ms)

AssetImportWorkerClient::OnTransportError - code=2 error=End of file
